SF:/Users/gaku/Documents/projects/01_personal/04_flutter/plist_parser/lib/plist_parser.dart
DA:16,1
DA:17,1
DA:19,3
DA:22,1
DA:30,1
DA:31,1
DA:33,1
DA:36,2
DA:45,1
DA:46,1
DA:47,1
DA:48,1
DA:51,1
DA:52,1
DA:53,1
DA:57,4
DA:58,1
DA:59,2
DA:61,1
DA:69,1
DA:70,1
DA:71,1
DA:72,1
DA:75,3
DA:76,1
DA:77,1
DA:81,4
DA:82,1
DA:83,2
DA:85,1
DA:90,3
DA:95,1
DA:96,2
DA:100,1
DA:101,3
DA:105,1
DA:108,1
DA:109,5
DA:111,2
DA:113,1
DA:114,1
DA:116,3
DA:118,3
DA:121,2
DA:127,1
DA:128,1
DA:129,1
DA:130,1
DA:133,1
DA:134,1
DA:138,1
DA:139,1
DA:140,1
DA:141,1
DA:144,4
DA:149,1
DA:150,1
DA:151,1
DA:152,1
DA:155,1
DA:156,1
DA:160,1
DA:161,1
DA:162,1
DA:163,1
DA:166,4
DA:170,1
DA:172,3
DA:173,1
DA:176,4
DA:179,1
DA:182,1
DA:185,1
DA:188,1
DA:190,1
DA:197,2
DA:198,1
DA:199,1
DA:205,3
DA:207,1
DA:208,2
DA:209,1
DA:210,1
DA:211,1
DA:212,2
DA:213,1
DA:214,2
DA:215,1
DA:217,1
DA:219,1
DA:220,2
DA:221,1
DA:222,4
DA:223,1
DA:224,1
DA:225,1
DA:226,1
DA:232,1
DA:233,1
DA:234,2
DA:235,1
DA:236,3
DA:237,1
DA:240,1
DA:241,4
DA:244,5
DA:245,3
DA:248,5
DA:249,3
DA:250,1
DA:253,1
DA:254,2
DA:255,1
DA:257,1
DA:258,1
DA:260,1
DA:266,1
DA:267,2
DA:268,1
DA:270,4
DA:274,1
DA:275,2
DA:276,1
DA:277,1
DA:278,3
DA:281,1
DA:282,1
DA:283,4
DA:285,4
DA:286,3
DA:289,1
DA:290,2
DA:291,2
DA:292,3
DA:295,1
DA:296,2
DA:297,3
DA:298,3
DA:301,1
DA:303,2
DA:304,1
DA:307,3
DA:308,2
DA:311,1
DA:314,1
DA:315,1
DA:316,2
DA:317,1
DA:319,4
DA:320,1
DA:321,2
DA:322,1
DA:323,1
DA:328,1
DA:329,2
DA:330,1
DA:332,1
DA:333,4
DA:334,2
DA:336,1
DA:338,2
DA:339,2
DA:340,1
DA:342,1
DA:344,2
DA:345,3
DA:346,1
DA:348,1
DA:355,1
DA:357,1
DA:359,1
DA:361,2
DA:362,1
DA:366,1
DA:367,1
DA:368,1
DA:369,1
DA:370,1
DA:371,1
DA:372,1
DA:374,1
DA:376,1
DA:379,2
DA:383,1
DA:385,1
DA:387,1
DA:388,2
DA:389,1
DA:393,1
DA:394,1
DA:395,1
DA:396,1
DA:398,2
DA:402,1
DA:404,1
DA:405,1
DA:407,1
DA:408,2
DA:409,2
DA:410,1
DA:411,4
DA:412,1
DA:414,1
DA:416,2
DA:417,1
DA:420,2
DA:423,1
DA:425,4
DA:427,1
DA:428,4
DA:429,1
DA:439,1
DA:450,1
DA:452,1
DA:453,2
LF:215
LH:215
end_of_record
